# JRE version: Java(TM) SE Runtime Environment (11.0.1+13) (build 11.0.1+13-LTS)
# Java VM: Java HotSpot(TM) 64-Bit Server VM (11.0.1+13-LTS, mixed mode, tiered, compressed oops, g1 gc, windows-amd64)
Heap:
 garbage-first heap   total 166912K, used 101162K [0x0000000080000000, 0x0000000100000000)
  region size 1024K, 87 young (89088K), 5 survivors (5120K)
 Metaspace       used 40388K, capacity 40966K, committed 41088K, reserved 1085440K
  class space    used 4634K, capacity 4872K, committed 4992K, reserved 1048576K
GC Heap History (10 events):
Event: 1.957 GC heap before
{Heap before GC invocations=2 (full 0):
 garbage-first heap   total 131072K, used 29731K [0x0000000080000000, 0x0000000100000000)
  region size 1024K, 18 young (18432K), 1 survivors (1024K)
 Metaspace       used 20630K, capacity 21128K, committed 21248K, reserved 1069056K
  class space    used 2278K, capacity 2490K, committed 2560K, reserved 1048576K
}
Event: 1.965 GC heap after
{Heap after GC invocations=3 (full 0):
 garbage-first heap   total 131072K, used 15015K [0x0000000080000000, 0x0000000100000000)
  region size 1024K, 3 young (3072K), 3 survivors (3072K)
 Metaspace       used 20630K, capacity 21128K, committed 21248K, reserved 1069056K
  class space    used 2278K, capacity 2490K, committed 2560K, reserved 1048576K
}
Event: 2.637 GC heap before
{Heap before GC invocations=4 (full 0):
 garbage-first heap   total 131072K, used 38567K [0x0000000080000000, 0x0000000100000000)
  region size 1024K, 27 young (27648K), 3 survivors (3072K)
 Metaspace       used 27284K, capacity 27763K, committed 27904K, reserved 1073152K
  class space    used 3539K, capacity 3742K, committed 3840K, reserved 1048576K
}
Event: 2.646 GC heap after
{Heap after GC invocations=5 (full 0):
 garbage-first heap   total 131072K, used 16441K [0x0000000080000000, 0x0000000100000000)
  region size 1024K, 4 young (4096K), 4 survivors (4096K)
 Metaspace       used 27284K, capacity 27763K, committed 27904K, reserved 1073152K
  class space    used 3539K, capacity 3742K, committed 3840K, reserved 1048576K
}
Event: 4.569 GC heap before
{Heap before GC invocations=5 (full 0):
 garbage-first heap   total 131072K, used 60473K [0x0000000080000000, 0x0000000100000000)
  region size 1024K, 45 young (46080K), 4 survivors (4096K)
 Metaspace       used 33938K, capacity 34442K, committed 34688K, reserved 1079296K
  class space    used 3950K, capacity 4171K, committed 4224K, reserved 1048576K
}
Event: 4.576 GC heap after
{Heap after GC invocations=6 (full 0):
 garbage-first heap   total 166912K, used 16871K [0x0000000080000000, 0x0000000100000000)
  region size 1024K, 4 young (4096K), 4 survivors (4096K)
 Metaspace       used 33938K, capacity 34442K, committed 34688K, reserved 1079296K
  class space    used 3950K, capacity 4171K, committed 4224K, reserved 1048576K
}
Event: 4.788 GC heap before
{Heap before GC invocations=6 (full 0):
 garbage-first heap   total 166912K, used 27111K [0x0000000080000000, 0x0000000100000000)
  region size 1024K, 15 young (15360K), 4 survivors (4096K)
 Metaspace       used 35279K, capacity 35781K, committed 35840K, reserved 1081344K
  class space    used 4120K, capacity 4339K, committed 4352K, reserved 1048576K
}
Event: 4.798 GC heap after
{Heap after GC invocations=7 (full 0):
 garbage-first heap   total 166912K, used 17109K [0x0000000080000000, 0x0000000100000000)
  region size 1024K, 4 young (4096K), 4 survivors (4096K)
 Metaspace       used 35279K, capacity 35781K, committed 35840K, reserved 1081344K
  class space    used 4120K, capacity 4339K, committed 4352K, reserved 1048576K
}
Event: 5.610 GC heap before
{Heap before GC invocations=8 (full 0):
 garbage-first heap   total 166912K, used 112341K [0x0000000080000000, 0x0000000100000000)
  region size 1024K, 97 young (99328K), 4 survivors (4096K)
 Metaspace       used 37509K, capacity 38110K, committed 38144K, reserved 1083392K
  class space    used 4343K, capacity 4582K, committed 4608K, reserved 1048576K
}
Event: 5.623 GC heap after
{Heap after GC invocations=9 (full 0):
 garbage-first heap   total 166912K, used 18218K [0x0000000080000000, 0x0000000100000000)
  region size 1024K, 5 young (5120K), 5 survivors (5120K)
 Metaspace       used 37509K, capacity 38110K, committed 38144K, reserved 1083392K
  class space    used 4343K, capacity 4582K, committed 4608K, reserved 1048576K
}

